<?xml version="1.0" encoding="UTF-8"?>
<testng-results skipped="0" failed="1" ignored="0" total="1" passed="0">
  <reporter-output>
  </reporter-output>
  <suite name="Default suite" duration-ms="57" started-at="2017-07-15T08:26:37Z" finished-at="2017-07-15T08:26:37Z">
    <groups>
    </groups>
    <test name="Default test" duration-ms="57" started-at="2017-07-15T08:26:37Z" finished-at="2017-07-15T08:26:37Z">
      <class name="newPackage.NewTest">
        <test-method status="FAIL" signature="f()[pri:0, instance:newPackage.NewTest@cb5822]" name="f" duration-ms="20" started-at="2017-07-15T15:26:37Z" finished-at="2017-07-15T15:26:37Z">
          <exception class="java.lang.Error">
            <message>
              <![CDATA[Unresolved compilation problems: 
	Syntax error, insert ":: IdentifierOrNew" to complete ReferenceExpression
	Syntax error, insert ";" to complete LocalVariableDeclarationStatement
	String cannot be resolved or is not a field
	txt1 cannot be resolved to a variable
	txt1 cannot be resolved to a variable
]]>
            </message>
            <full-stacktrace>
              <![CDATA[java.lang.Error: Unresolved compilation problems: 
	Syntax error, insert ":: IdentifierOrNew" to complete ReferenceExpression
	Syntax error, insert ";" to complete LocalVariableDeclarationStatement
	String cannot be resolved or is not a field
	txt1 cannot be resolved to a variable
	txt1 cannot be resolved to a variable

	at newPackage.NewTest.f(NewTest.java:26)
	at sun.reflect.NativeMethodAccessorImpl.invoke0(Native Method)
	at sun.reflect.NativeMethodAccessorImpl.invoke(NativeMethodAccessorImpl.java:62)
	at sun.reflect.DelegatingMethodAccessorImpl.invoke(DelegatingMethodAccessorImpl.java:43)
	at java.lang.reflect.Method.invoke(Method.java:498)
	at org.testng.internal.MethodInvocationHelper.invokeMethod(MethodInvocationHelper.java:108)
	at org.testng.internal.Invoker.invokeMethod(Invoker.java:661)
	at org.testng.internal.Invoker.invokeTestMethod(Invoker.java:869)
	at org.testng.internal.Invoker.invokeTestMethods(Invoker.java:1193)
	at org.testng.internal.TestMethodWorker.invokeTestMethods(TestMethodWorker.java:126)
	at org.testng.internal.TestMethodWorker.run(TestMethodWorker.java:109)
	at org.testng.TestRunner.privateRun(TestRunner.java:744)
	at org.testng.TestRunner.run(TestRunner.java:602)
	at org.testng.SuiteRunner.runTest(SuiteRunner.java:380)
	at org.testng.SuiteRunner.runSequentially(SuiteRunner.java:375)
	at org.testng.SuiteRunner.privateRun(SuiteRunner.java:340)
	at org.testng.SuiteRunner.run(SuiteRunner.java:289)
	at org.testng.SuiteRunnerWorker.runSuite(SuiteRunnerWorker.java:52)
	at org.testng.SuiteRunnerWorker.run(SuiteRunnerWorker.java:86)
	at org.testng.TestNG.runSuitesSequentially(TestNG.java:1301)
	at org.testng.TestNG.runSuitesLocally(TestNG.java:1226)
	at org.testng.TestNG.runSuites(TestNG.java:1144)
	at org.testng.TestNG.run(TestNG.java:1115)
	at org.testng.remote.AbstractRemoteTestNG.run(AbstractRemoteTestNG.java:132)
	at org.testng.remote.RemoteTestNG.initAndRun(RemoteTestNG.java:230)
	at org.testng.remote.RemoteTestNG.main(RemoteTestNG.java:76)
]]>
            </full-stacktrace>
          </exception> <!-- java.lang.Error -->
          <reporter-output>
          </reporter-output>
        </test-method> <!-- f -->
      </class> <!-- newPackage.NewTest -->
    </test> <!-- Default test -->
  </suite> <!-- Default suite -->
</testng-results>
